#
# An unexpected error has been detected by HotSpot Virtual Machine:
#
#  EXCEPTION_ACCESS_VIOLATION (0xc0000005) at pc=0x6d7437b7, pid=6208, tid=1128
#
# Java VM: Java HotSpot(TM) Client VM (1.5.0_06-b05 mixed mode)
# Problematic frame:
# V  [jvm.dll+0x637b7]
#

---------------  T H R E A D  ---------------

Current thread (0x00378e90):  VMThread [id=1128]

siginfo: ExceptionCode=0xc0000005, reading address 0x00000003

Registers:
EAX=0x00000003, EBX=0x00000000, ECX=0x0050fc84, EDX=0x6d80d25c
ESP=0x0050fb80, EBP=0x0050fbdc, ESI=0x0c8ffb20, EDI=0x0050fc84
EIP=0x6d7437b7, EFLAGS=0x00010287

Top of Stack: (sp=0x0050fb80)
0x0050fb80:   00378754 0c8ffaec 6d79c9c6 0c8ffb20
0x0050fb90:   6d802bef 0050fc84 00378748 00000000
0x0050fba0:   6d802c72 00000000 0050fc84 0050fc84
0x0050fbb0:   00000000 6d803382 0050fc84 6d7ec47f
0x0050fbc0:   0050fc84 0033dd68 6d74ec12 0050fc84
0x0050fbd0:   0033dd68 0033de58 00000000 0050fcd4
0x0050fbe0:   6d744103 00000000 00000001 00000000
0x0050fbf0:   00000001 0050fc38 0050fc84 0033dd68 

Instructions: (pc=0x6d7437b7)
0x6d7437a7:   24 08 57 8b f9 8b 06 85 c0 74 2f 3b 47 1c 73 2a
0x6d7437b7:   8b 08 83 e1 03 80 f9 03 75 06 8b 00 24 fc eb 0a 


Stack: [0x004d0000,0x00510000),  sp=0x0050fb80,  free space=254k
Native frames: (J=compiled Java code, j=interpreted, Vv=VM code, C=native code)
V  [jvm.dll+0x637b7]
V  [jvm.dll+0x64103]
V  [jvm.dll+0x6e9d5]
V  [jvm.dll+0x5160e]
V  [jvm.dll+0x6eb80]
V  [jvm.dll+0x1233f7]
V  [jvm.dll+0x122ec5]
V  [jvm.dll+0x12306e]
V  [jvm.dll+0x122dd3]
C  [msvcrt.dll+0x11287]
C  [msvcrt.dll+0x11328]
C  [kernel32.dll+0x1338a]
C  [ntdll.dll+0x39ef2]
C  [ntdll.dll+0x39ec5]

VM_Operation (0x0d59fa18): generation collection for allocation, mode: safepoint, requested by thread 0x0c59dbf8


---------------  P R O C E S S  ---------------

Java Threads: ( => current thread )
  0x0c587760 JavaThread "pool-1-thread-9" [_thread_blocked, id=5576]
  0x0cedaac8 JavaThread "pool-1-thread-8" [_thread_blocked, id=5304]
  0x0c5b6070 JavaThread "pool-1-thread-7" [_thread_blocked, id=6984]
  0x0c59dbf8 JavaThread "pool-1-thread-6" [_thread_blocked, id=3152]
  0x0c5a3700 JavaThread "pool-1-thread-5" [_thread_blocked, id=6596]
  0x0cedda90 JavaThread "pool-1-thread-4" [_thread_blocked, id=7020]
  0x0c58fec0 JavaThread "pool-1-thread-3" [_thread_blocked, id=6892]
  0x0cedddb0 JavaThread "pool-1-thread-2" [_thread_in_native, id=6248]
  0x0c719008 JavaThread "MySQL Statement Cancellation Timer" daemon [_thread_blocked, id=1440]
  0x0039fe30 JavaThread "pool-1-thread-1" [_thread_in_native, id=4888]
  0x0c528a68 JavaThread "Low Memory Detector" daemon [_thread_blocked, id=3528]
  0x003999e8 JavaThread "CompilerThread0" daemon [_thread_blocked, id=5680]
  0x00398e40 JavaThread "Signal Dispatcher" daemon [_thread_blocked, id=6776]
  0x00396868 JavaThread "JDWP Command Reader" daemon [_thread_in_native, id=6236]
  0x00395720 JavaThread "JDWP Event Helper Thread" daemon [_thread_blocked, id=2300]
  0x0038d580 JavaThread "JDWP Transport Listener: dt_socket" daemon [_thread_blocked, id=7064]
  0x0037dc50 JavaThread "Finalizer" daemon [_thread_blocked, id=5212]
  0x0037b678 JavaThread "Reference Handler" daemon [_thread_blocked, id=6380]
  0x002bed20 JavaThread "main" [_thread_in_native, id=7012]

Other Threads:
=>0x00378e90 VMThread [id=1128]
  0x00397370 WatcherThread [id=6644]

VM state:at safepoint (normal execution)

VM Mutex/Monitor currently owned by a thread:  ([mutex/lock_event])
[0x002be158/0x0000013c] Threads_lock - owner thread: 0x00378e90
[0x00208b38/0x00000178] Heap_lock - owner thread: 0x0c59dbf8

Heap
 def new generation   total 576K, used 537K [0x04420000, 0x044c0000, 0x04900000)
  eden space 512K,  99% used [0x04420000, 0x0449f150, 0x044a0000)
  from space 64K,  45% used [0x044b0000, 0x044b7510, 0x044c0000)
  to   space 64K,   0% used [0x044a0000, 0x044a0098, 0x044b0000)
 tenured generation   total 2144K, used 1721K [0x04900000, 0x04b18000, 0x08420000)
   the space 2144K,  80% used [0x04900000, 0x04aae718, 0x04aae800, 0x04b18000)
 compacting perm gen  total 8192K, used 4657K [0x08420000, 0x08c20000, 0x0c420000)
   the space 8192K,  56% used [0x08420000, 0x088ac658, 0x088ac800, 0x08c20000)
No shared spaces configured.

Dynamic libraries:
0x00400000 - 0x0040c000 	D:\succezIDE\jdk\jdk1.5.0_06\bin\javaw.exe
0x77500000 - 0x77680000 	C:\Windows\SysWOW64\ntdll.dll
0x75d40000 - 0x75e50000 	C:\Windows\syswow64\kernel32.dll
0x753c0000 - 0x75407000 	C:\Windows\syswow64\KERNELBASE.dll
0x75860000 - 0x75900000 	C:\Windows\syswow64\ADVAPI32.dll
0x75e50000 - 0x75efc000 	C:\Windows\syswow64\msvcrt.dll
0x75d20000 - 0x75d39000 	C:\Windows\SysWOW64\sechost.dll
0x75930000 - 0x75a20000 	C:\Windows\syswow64\RPCRT4.dll
0x75060000 - 0x750c0000 	C:\Windows\syswow64\SspiCli.dll
0x75050000 - 0x7505c000 	C:\Windows\syswow64\CRYPTBASE.dll
0x754a0000 - 0x755a0000 	C:\Windows\syswow64\USER32.dll
0x75ff0000 - 0x76080000 	C:\Windows\syswow64\GDI32.dll
0x750d0000 - 0x750da000 	C:\Windows\syswow64\LPK.dll
0x751b0000 - 0x7524d000 	C:\Windows\syswow64\USP10.dll
0x75410000 - 0x75470000 	C:\Windows\system32\IMM32.DLL
0x75790000 - 0x7585c000 	C:\Windows\syswow64\MSCTF.dll
0x73fc0000 - 0x73fec000 	C:\Windows\SysWOW64\nvinit.dll
0x0f000000 - 0x0f006000 	C:\Program Files (x86)\NVIDIA Corporation\CoProcManager\detoured.dll
0x71670000 - 0x71697000 	C:\Program Files (x86)\NVIDIA Corporation\CoProcManager\nvd3d9wrap.dll
0x75a20000 - 0x75bbd000 	C:\Windows\syswow64\SETUPAPI.dll
0x750e0000 - 0x75107000 	C:\Windows\syswow64\CFGMGR32.dll
0x755a0000 - 0x7562f000 	C:\Windows\syswow64\OLEAUT32.dll
0x75630000 - 0x7578c000 	C:\Windows\syswow64\ole32.dll
0x76210000 - 0x76222000 	C:\Windows\syswow64\DEVOBJ.dll
0x715f0000 - 0x7160e000 	C:\Program Files (x86)\NVIDIA Corporation\CoProcManager\nvdxgiwrap.dll
0x6d6e0000 - 0x6d874000 	D:\succezIDE\jdk\jdk1.5.0_06\jre\bin\client\jvm.dll
0x720d0000 - 0x72102000 	C:\Windows\system32\WINMM.dll
0x71b40000 - 0x71b8c000 	C:\Windows\system32\apphelp.dll
0x6d2f0000 - 0x6d2f8000 	D:\succezIDE\jdk\jdk1.5.0_06\jre\bin\hpi.dll
0x774d0000 - 0x774d5000 	C:\Windows\syswow64\PSAPI.DLL
0x6d3f0000 - 0x6d425000 	D:\succezIDE\jdk\jdk1.5.0_06\jre\bin\jdwp.dll
0x6d6b0000 - 0x6d6bc000 	D:\succezIDE\jdk\jdk1.5.0_06\jre\bin\verify.dll
0x6d370000 - 0x6d38d000 	D:\succezIDE\jdk\jdk1.5.0_06\jre\bin\java.dll
0x6d6d0000 - 0x6d6df000 	D:\succezIDE\jdk\jdk1.5.0_06\jre\bin\zip.dll
0x6d290000 - 0x6d297000 	D:\succezIDE\jdk\jdk1.5.0_06\jre\bin\dt_socket.dll
0x75ce0000 - 0x75d15000 	C:\Windows\syswow64\WS2_32.dll
0x751a0000 - 0x751a6000 	C:\Windows\syswow64\NSI.dll
0x73cc0000 - 0x73cd0000 	C:\Windows\system32\NLAapi.dll
0x73cb0000 - 0x73cc0000 	C:\Windows\system32\napinsp.dll
0x73c90000 - 0x73ca2000 	C:\Windows\system32\pnrpnsp.dll
0x73dd0000 - 0x73e0c000 	C:\Windows\System32\mswsock.dll
0x73c40000 - 0x73c84000 	C:\Windows\system32\DNSAPI.dll
0x73c30000 - 0x73c38000 	C:\Windows\System32\winrnr.dll
0x73c20000 - 0x73c2d000 	C:\Windows\system32\wshbth.dll
0x74af0000 - 0x74b0c000 	C:\Windows\system32\IPHLPAPI.DLL
0x74ae0000 - 0x74ae7000 	C:\Windows\system32\WINNSI.DLL
0x71620000 - 0x71658000 	C:\Windows\System32\fwpuclnt.dll
0x71bc0000 - 0x71bc6000 	C:\Windows\system32\rasadhlp.dll
0x73dc0000 - 0x73dc5000 	C:\Windows\System32\wshtcpip.dll
0x6d530000 - 0x6d543000 	D:\succezIDE\jdk\jdk1.5.0_06\jre\bin\net.dll
0x73c10000 - 0x73c16000 	C:\Windows\System32\wship6.dll

VM Arguments:
jvm_args: -agentlib:jdwp=transport=dt_socket,suspend=y,address=localhost:51099 -Dfile.encoding=UTF-8
java_command: yaweb.Server
Launcher Type: SUN_STANDARD

Environment Variables:
PATH=D:\succezIDE\jdk\jdk1.5.0_06\jre\bin;D:/succezIDE/jdk/jdk1.8.0_45/bin/../jre/bin/server;D:/succezIDE/jdk/jdk1.8.0_45/bin/../jre/bin;D:/succezIDE/jdk/jdk1.8.0_45/bin/../jre/lib/amd64;D:\°²×°³ÌÐò\mysql-5.6.25-winx64\mysql-5.6.25-winx64\bin;C:\Windows\system32;C:\Windows;C:\Windows\System32\Wbem;C:\Windows\System32\WindowsPowerShell\v1.0\;C:\Program Files\Lenovo Fingerprint Reader\;C:\Program Files\Lenovo Fingerprint Reader\x86\;C:\Program Files\OpenVPN\bin;C:\Program Files (x86)\Common Files\Autodesk Shared\;C:\Program Files (x86)\Autodesk\Backburner\;C:\Program Files\Common Files\Autodesk Shared\;D:\succezIDE\jdk\jdk1.8.0_45\bin;D:\succezIDE\eclipse\eclipse-java-luna-SR2-win32-x86_64\eclipse;
USERNAME=YANGGUANG
OS=Windows_NT
PROCESSOR_IDENTIFIER=Intel64 Family 6 Model 69 Stepping 1, GenuineIntel



---------------  S Y S T E M  ---------------

OS: Windows NT 6.1 Build 7601 Service Pack 1

CPU:total 4 family 6, cmov, cx8, fxsr, mmx, sse, sse2, ht

Memory: 4k page, physical 4194303k(4086840k free), swap 4194303k(4194303k free)

vm_info: Java HotSpot(TM) Client VM (1.5.0_06-b05) for windows-x86, built on Nov 10 2005 11:12:14 by "java_re" with MS VC++ 6.0

